#
# A fatal error has been detected by the Java Runtime Environment:
#
#  SIGSEGV (0xb) at pc=0x00007f3113876d67, pid=5049, tid=0x00007f30ef006700
#
# JRE version: OpenJDK Runtime Environment (8.0_121-b13) (build 1.8.0_121-8u121-b13-0ubuntu1.16.04.2-b13)
# Java VM: OpenJDK 64-Bit Server VM (25.121-b13 mixed mode linux-amd64 compressed oops)
# Problematic frame:
# C  [libc.so.6+0x9ed67]
#
# Failed to write core dump. Core dumps have been disabled. To enable core dumping, try "ulimit -c unlimited" before starting Java again
#
# If you would like to submit a bug report, please visit:
#   http://bugreport.java.com/bugreport/crash.jsp
# The crash happened outside the Java Virtual Machine in native code.
# See problematic frame for where to report the bug.
#

---------------  T H R E A D  ---------------

Current thread (0x00007f310c252000):  JavaThread "Thread-1" [_thread_in_native, id=5069, stack(0x00007f30eef06000,0x00007f30ef007000)]

siginfo: si_signo: 11 (SIGSEGV), si_code: 2 (SEGV_ACCERR), si_addr: 0x00007f30f4042000

Registers:
RAX=0x000000004002c085, RBX=0x00007f310c1d8e80, RCX=0x00007f30b4015f80, RDX=0x00007f30b4019780
RSP=0x00007f30ef0031b8, RBP=0x00007f30ef003230, RSI=0x00007f30f4041295, RDI=0x00007f30b4015230
R8 =0x000000004002c075, R9 =0x000000004002c065, R10=0x000000004002c055, R11=0x00007f30b4000078
R12=0x0000000000006700, R13=0x000000000000458e, R14=0x00007f30f4041257, R15=0x00007f30b400fd30
RIP=0x00007f3113876d67, EFLAGS=0x0000000000010206, CSGSFS=0x0000000000000033, ERR=0x0000000000000004
  TRAPNO=0x000000000000000e

Top of Stack: (sp=0x00007f30ef0031b8)
0x00007f30ef0031b8:   00007f3110934f94 0000000000000035
0x00007f30ef0031c8:   0000000000000000 0000000000000000
0x00007f30ef0031d8:   00000000537a472f 00000000ec81a400
0x00007f30ef0031e8:   000000000000458e 0000000000007a61
0x00007f30ef0031f8:   0000000000000000 000000000000001d
0x00007f30ef003208:   00007f310c1df230 00000000268f58a1
0x00007f30ef003218:   00007f30ef0032bc 00007f310c291d50
0x00007f30ef003228:   00007f310c1d8e80 00007f30ef003280
0x00007f30ef003238:   00007f3110935c84 00007f30ef0032a0
0x00007f30ef003248:   0000001d01fcbb00 00007f30ef003280
0x00007f30ef003258:   000000000000001d 00007f310c2521e0
0x00007f30ef003268:   00000000a4485f60 00007f30ef0036f8
0x00007f30ef003278:   00007f310c1d8e80 00007f30ef0036e0
0x00007f30ef003288:   00007f3110933bec 00007f30ef0032a0
0x00007f30ef003298:   000000010c252000 6d2f6f62657a6167
0x00007f30ef0032a8:   75537a472f736773 2e65626972637362
0x00007f30ef0032b8:   0000007373616c63 00007f3112d1b8a1
0x00007f30ef0032c8:   00007f30ef003a00 0000000000000000
0x00007f30ef0032d8:   00007f311382592d 00000000fc492838
0x00007f30ef0032e8:   00007f310c252000 00007f30fc230400
0x00007f30ef0032f8:   00007f30ef0033c8 00007f30ef0033b8
0x00007f30ef003308:   00007f3100000000 00007f3000000000
0x00007f30ef003318:   00007f30ef0033d0 00007f3100000000
0x00007f30ef003328:   00000001fc5a6be8 00007f3100000000
0x00007f30ef003338:   00007f31fc496620 00007f3000000000
0x00007f30ef003348:   0000000100000000 00007f30ef0033e0
0x00007f30ef003358:   0000000100000000 00007f3100000000
0x00007f30ef003368:   00007f3000000025 0000000000000000
0x00007f30ef003378:   00007f3000000025 00007f3112d1b8a3
0x00007f30ef003388:   0000000100000000 00007f30ef003430
0x00007f30ef003398:   00007f31138536ce 00007f30ef003950
0x00007f30ef0033a8:   00007f30ef003940 00007f3112d1b8a1 

Instructions: (pc=0x00007f3113876d67)
0x00007f3113876d47:   10 4d 8d 42 20 49 8d 42 30 f3 46 0f 6f 04 11 66
0x00007f3113876d57:   44 0f 7f 01 f3 46 0f 6f 04 09 66 44 0f 7f 41 10
0x00007f3113876d67:   f3 46 0f 6f 04 01 66 44 0f 7f 41 20 f3 44 0f 6f
0x00007f3113876d77:   04 01 66 44 0f 7f 41 30 48 83 c1 40 48 39 ca 75 

Register to memory mapping:

RAX=0x000000004002c085 is an unknown value
RBX=0x00007f310c1d8e80 is an unknown value
RCX=0x00007f30b4015f80 is an unknown value
RDX=0x00007f30b4019780 is an unknown value
RSP=0x00007f30ef0031b8 is pointing into the stack for thread: 0x00007f310c252000
RBP=0x00007f30ef003230 is pointing into the stack for thread: 0x00007f310c252000
RSI=0x00007f30f4041295 is an unknown value
RDI=0x00007f30b4015230 is an unknown value
R8 =0x000000004002c075 is an unknown value
R9 =0x000000004002c065 is an unknown value
R10=0x000000004002c055 is an unknown value
R11=0x00007f30b4000078 is an unknown value
R12=0x0000000000006700 is an unknown value
R13=0x000000000000458e is an unknown value
R14=0x00007f30f4041257 is an unknown value
R15=0x00007f30b400fd30 is an unknown value


Stack: [0x00007f30eef06000,0x00007f30ef007000],  sp=0x00007f30ef0031b8,  free space=1012k
Native frames: (J=compiled Java code, j=interpreted, Vv=VM code, C=native code)
C  [libc.so.6+0x9ed67]
C  [libzip.so+0x5c84]
C  [libzip.so+0x3bec]  Java_java_util_zip_ZipFile_getEntry+0xfc
J 74  java.util.zip.ZipFile.getEntry(J[BZ)J (0 bytes) @ 0x00007f30fd12ef8e [0x00007f30fd12eec0+0xce]
J 82 C1 java.util.zip.ZipFile.getEntry(Ljava/lang/String;)Ljava/util/zip/ZipEntry; (86 bytes) @ 0x00007f30fd13790c [0x00007f30fd1376a0+0x26c]
J 289 C1 java.util.jar.JarFile.getEntry(Ljava/lang/String;)Ljava/util/zip/ZipEntry; (22 bytes) @ 0x00007f30fd197964 [0x00007f30fd1978e0+0x84]
J 290 C1 sun.misc.URLClassPath$JarLoader.getResource(Ljava/lang/String;Z)Lsun/misc/Resource; (85 bytes) @ 0x00007f30fd198294 [0x00007f30fd197fc0+0x2d4]
J 181 C1 sun.misc.URLClassPath.getResource(Ljava/lang/String;Z)Lsun/misc/Resource; (83 bytes) @ 0x00007f30fd164c2c [0x00007f30fd164ac0+0x16c]
J 227 C1 java.net.URLClassLoader$1.run()Ljava/lang/Class; (63 bytes) @ 0x00007f30fd17a21c [0x00007f30fd17a020+0x1fc]
J 226 C1 java.net.URLClassLoader$1.run()Ljava/lang/Object; (5 bytes) @ 0x00007f30fd179c8c [0x00007f30fd179c00+0x8c]
v  ~StubRoutines::call_stub
V  [libjvm.so+0x66161b]
V  [libjvm.so+0x6b2459]  JVM_DoPrivileged+0x429
J 191  java.security.AccessController.doPrivileged(Ljava/security/PrivilegedExceptionAction;Ljava/security/AccessControlContext;)Ljava/lang/Object; (0 bytes) @ 0x00007f30fd169f55 [0x00007f30fd169e80+0xd5]
J 196 C1 java.net.URLClassLoader.findClass(Ljava/lang/String;)Ljava/lang/Class; (47 bytes) @ 0x00007f30fd16ce04 [0x00007f30fd16cc80+0x184]
J 111 C1 java.lang.ClassLoader.loadClass(Ljava/lang/String;Z)Ljava/lang/Class; (122 bytes) @ 0x00007f30fd144e9c [0x00007f30fd144540+0x95c]
J 213 C1 sun.misc.Launcher$AppClassLoader.loadClass(Ljava/lang/String;Z)Ljava/lang/Class; (85 bytes) @ 0x00007f30fd1743cc [0x00007f30fd173a40+0x98c]
J 212 C1 java.lang.ClassLoader.loadClass(Ljava/lang/String;)Ljava/lang/Class; (7 bytes) @ 0x00007f30fd173684 [0x00007f30fd173580+0x104]
v  ~StubRoutines::call_stub
V  [libjvm.so+0x66161b]
V  [libjvm.so+0x65ec04]
V  [libjvm.so+0x65f263]
V  [libjvm.so+0x9dc39d]
V  [libjvm.so+0x9dad36]
V  [libjvm.so+0x9dce3a]
V  [libjvm.so+0x4b3c75]
V  [libjvm.so+0x4b6262]
V  [libjvm.so+0x7893e5]
V  [libjvm.so+0x78c2b8]
V  [libjvm.so+0x658915]
j  gazebo.msgs.GzSubscribe$Subscribe.internalGetFieldAccessorTable()Lcom/google/protobuf/GeneratedMessageV3$FieldAccessorTable;+0
j  com.google.protobuf.GeneratedMessageV3.getAllFieldsMutable(Z)Ljava/util/Map;+9
j  com.google.protobuf.GeneratedMessageV3.getAllFields()Ljava/util/Map;+2
j  com.google.protobuf.TextFormat$Printer.print(Lcom/google/protobuf/MessageOrBuilder;Lcom/google/protobuf/TextFormat$TextGenerator;)V+1
j  com.google.protobuf.TextFormat$Printer.access$400(Lcom/google/protobuf/TextFormat$Printer;Lcom/google/protobuf/MessageOrBuilder;Lcom/google/protobuf/TextFormat$TextGenerator;)V+3
j  com.google.protobuf.TextFormat.print(Lcom/google/protobuf/MessageOrBuilder;Ljava/lang/Appendable;)V+13
j  com.google.protobuf.TextFormat.printToString(Lcom/google/protobuf/MessageOrBuilder;)Ljava/lang/String;+10
j  com.google.protobuf.AbstractMessage.toString()Ljava/lang/String;+1
j  java.lang.String.valueOf(Ljava/lang/Object;)Ljava/lang/String;+10
j  java.lang.StringBuilder.append(Ljava/lang/Object;)Ljava/lang/StringBuilder;+2
j  org.gazebosim.transport.Node.processPacket(Lgazebo/msgs/GzPacket$Packet;)V+483
j  org.gazebosim.transport.Node.run()V+30
j  java.lang.Thread.run()V+11
v  ~StubRoutines::call_stub
V  [libjvm.so+0x66161b]
V  [libjvm.so+0x65ec04]
V  [libjvm.so+0x65f1e7]
V  [libjvm.so+0x6a24d4]
V  [libjvm.so+0xa0aa97]
V  [libjvm.so+0xa0af5c]
V  [libjvm.so+0x8b2042]
C  [libpthread.so.0+0x76ba]  start_thread+0xca

Java frames: (J=compiled Java code, j=interpreted, Vv=VM code)
J 74  java.util.zip.ZipFile.getEntry(J[BZ)J (0 bytes) @ 0x00007f30fd12ef18 [0x00007f30fd12eec0+0x58]
J 82 C1 java.util.zip.ZipFile.getEntry(Ljava/lang/String;)Ljava/util/zip/ZipEntry; (86 bytes) @ 0x00007f30fd13790c [0x00007f30fd1376a0+0x26c]
J 289 C1 java.util.jar.JarFile.getEntry(Ljava/lang/String;)Ljava/util/zip/ZipEntry; (22 bytes) @ 0x00007f30fd197964 [0x00007f30fd1978e0+0x84]
J 290 C1 sun.misc.URLClassPath$JarLoader.getResource(Ljava/lang/String;Z)Lsun/misc/Resource; (85 bytes) @ 0x00007f30fd198294 [0x00007f30fd197fc0+0x2d4]
J 181 C1 sun.misc.URLClassPath.getResource(Ljava/lang/String;Z)Lsun/misc/Resource; (83 bytes) @ 0x00007f30fd164c2c [0x00007f30fd164ac0+0x16c]
J 227 C1 java.net.URLClassLoader$1.run()Ljava/lang/Class; (63 bytes) @ 0x00007f30fd17a21c [0x00007f30fd17a020+0x1fc]
J 226 C1 java.net.URLClassLoader$1.run()Ljava/lang/Object; (5 bytes) @ 0x00007f30fd179c8c [0x00007f30fd179c00+0x8c]
v  ~StubRoutines::call_stub
J 191  java.security.AccessController.doPrivileged(Ljava/security/PrivilegedExceptionAction;Ljava/security/AccessControlContext;)Ljava/lang/Object; (0 bytes) @ 0x00007f30fd169ee3 [0x00007f30fd169e80+0x63]
J 196 C1 java.net.URLClassLoader.findClass(Ljava/lang/String;)Ljava/lang/Class; (47 bytes) @ 0x00007f30fd16ce04 [0x00007f30fd16cc80+0x184]
J 111 C1 java.lang.ClassLoader.loadClass(Ljava/lang/String;Z)Ljava/lang/Class; (122 bytes) @ 0x00007f30fd144e9c [0x00007f30fd144540+0x95c]
J 213 C1 sun.misc.Launcher$AppClassLoader.loadClass(Ljava/lang/String;Z)Ljava/lang/Class; (85 bytes) @ 0x00007f30fd1743cc [0x00007f30fd173a40+0x98c]
J 212 C1 java.lang.ClassLoader.loadClass(Ljava/lang/String;)Ljava/lang/Class; (7 bytes) @ 0x00007f30fd173684 [0x00007f30fd173580+0x104]
v  ~StubRoutines::call_stub
j  gazebo.msgs.GzSubscribe$Subscribe.internalGetFieldAccessorTable()Lcom/google/protobuf/GeneratedMessageV3$FieldAccessorTable;+0
j  com.google.protobuf.GeneratedMessageV3.getAllFieldsMutable(Z)Ljava/util/Map;+9
j  com.google.protobuf.GeneratedMessageV3.getAllFields()Ljava/util/Map;+2
j  com.google.protobuf.TextFormat$Printer.print(Lcom/google/protobuf/MessageOrBuilder;Lcom/google/protobuf/TextFormat$TextGenerator;)V+1
j  com.google.protobuf.TextFormat$Printer.access$400(Lcom/google/protobuf/TextFormat$Printer;Lcom/google/protobuf/MessageOrBuilder;Lcom/google/protobuf/TextFormat$TextGenerator;)V+3
j  com.google.protobuf.TextFormat.print(Lcom/google/protobuf/MessageOrBuilder;Ljava/lang/Appendable;)V+13
j  com.google.protobuf.TextFormat.printToString(Lcom/google/protobuf/MessageOrBuilder;)Ljava/lang/String;+10
j  com.google.protobuf.AbstractMessage.toString()Ljava/lang/String;+1
j  java.lang.String.valueOf(Ljava/lang/Object;)Ljava/lang/String;+10
j  java.lang.StringBuilder.append(Ljava/lang/Object;)Ljava/lang/StringBuilder;+2
j  org.gazebosim.transport.Node.processPacket(Lgazebo/msgs/GzPacket$Packet;)V+483
j  org.gazebosim.transport.Node.run()V+30
j  java.lang.Thread.run()V+11
v  ~StubRoutines::call_stub

---------------  P R O C E S S  ---------------

Java Threads: ( => current thread )
  0x00007f310c00a000 JavaThread "DestroyJavaVM" [_thread_blocked, id=5051, stack(0x00007f3113eab000,0x00007f3113fac000)]
  0x00007f30b400e800 JavaThread "Thread-7" [_thread_in_native, id=5075, stack(0x00007f30ee900000,0x00007f30eea01000)]
  0x00007f310c310000 JavaThread "Thread-6" [_thread_in_native, id=5074, stack(0x00007f30eea01000,0x00007f30eeb02000)]
  0x00007f30b400c800 JavaThread "Thread-5" [_thread_in_native, id=5073, stack(0x00007f30eeb02000,0x00007f30eec03000)]
  0x00007f310c28b000 JavaThread "Thread-4" [_thread_in_native, id=5072, stack(0x00007f30eec03000,0x00007f30eed04000)]
  0x00007f30b400b800 JavaThread "Thread-3" [_thread_in_native, id=5071, stack(0x00007f30eed04000,0x00007f30eee05000)]
  0x00007f310c286000 JavaThread "Thread-2" [_thread_in_native, id=5070, stack(0x00007f30eee05000,0x00007f30eef06000)]
=>0x00007f310c252000 JavaThread "Thread-1" [_thread_in_native, id=5069, stack(0x00007f30eef06000,0x00007f30ef007000)]
  0x00007f310c21a000 JavaThread "Gazebo Server Thread" [_thread_in_native, id=5068, stack(0x00007f30ef007000,0x00007f30ef108000)]
  0x00007f310c180800 JavaThread "Service Thread" daemon [_thread_blocked, id=5066, stack(0x00007f30ef722000,0x00007f30ef823000)]
  0x00007f310c179000 JavaThread "C1 CompilerThread2" daemon [_thread_blocked, id=5065, stack(0x00007f30ef823000,0x00007f30ef924000)]
  0x00007f310c177000 JavaThread "C2 CompilerThread1" daemon [_thread_blocked, id=5064, stack(0x00007f30ef924000,0x00007f30efa25000)]
  0x00007f310c174800 JavaThread "C2 CompilerThread0" daemon [_thread_blocked, id=5063, stack(0x00007f30efa25000,0x00007f30efb26000)]
  0x00007f310c172000 JavaThread "Signal Dispatcher" daemon [_thread_blocked, id=5062, stack(0x00007f30efb26000,0x00007f30efc27000)]
  0x00007f310c14a800 JavaThread "Finalizer" daemon [_thread_blocked, id=5061, stack(0x00007f30efeff000,0x00007f30f0000000)]
  0x00007f310c146000 JavaThread "Reference Handler" daemon [_thread_blocked, id=5060, stack(0x00007f30f4042000,0x00007f30f4143000)]

Other Threads:
  0x00007f310c13e800 VMThread [stack: 0x00007f30f4143000,0x00007f30f4244000] [id=5059]
  0x00007f310c183000 WatcherThread [stack: 0x00007f30ef621000,0x00007f30ef722000] [id=5067]

VM state:not at safepoint (normal execution)

VM Mutex/Monitor currently owned by a thread: None

Heap:
 PSYoungGen      total 24576K, used 215K [0x00000000e1700000, 0x00000000e3200000, 0x0000000100000000)
  eden space 21504K, 0% used [0x00000000e1700000,0x00000000e172df38,0x00000000e2c00000)
  from space 3072K, 1% used [0x00000000e2c00000,0x00000000e2c08000,0x00000000e2f00000)
  to   space 3072K, 0% used [0x00000000e2f00000,0x00000000e2f00000,0x00000000e3200000)
 ParOldGen       total 62976K, used 1180K [0x00000000a4400000, 0x00000000a8180000, 0x00000000e1700000)
  object space 62976K, 1% used [0x00000000a4400000,0x00000000a4527070,0x00000000a8180000)
 Metaspace       used 7773K, capacity 7960K, committed 8064K, reserved 1056768K
  class space    used 833K, capacity 896K, committed 896K, reserved 1048576K

Card table byte_map: [0x00007f3110291000,0x00007f3110570000] byte_map_base: 0x00007f310fd6f000

Marking Bits: (ParMarkBitMap*) 0x00007f3113180220
 Begin Bits: [0x00007f30f5220000, 0x00007f30f6910000)
 End Bits:   [0x00007f30f6910000, 0x00007f30f8000000)

Polling page: 0x00007f3113fd2000

CodeCache: size=245760Kb used=3019Kb max_used=3019Kb free=242741Kb
 bounds [0x00007f30fd000000, 0x00007f30fd300000, 0x00007f310c000000]
 total_blobs=1182 nmethods=885 adapters=212
 compilation: enabled

Compilation events (10 events):
Event: 450.895 Thread 0x00007f310c179000  874       3       java.util.Formatter::format (11 bytes)
Event: 450.895 Thread 0x00007f310c179000 nmethod 874 0x00007f30fd2e6150 code [0x00007f30fd2e62c0, 0x00007f30fd2e64c8]
Event: 451.424 Thread 0x00007f310c174800  876       4       java.lang.String::substring (79 bytes)
Event: 451.431 Thread 0x00007f310c179000  877       3       java.nio.ByteBuffer::arrayOffset (35 bytes)
Event: 451.432 Thread 0x00007f310c179000 nmethod 877 0x00007f30fd2edcd0 code [0x00007f30fd2ede60, 0x00007f30fd2ee178]
Event: 451.432 Thread 0x00007f310c179000  878       3       java.util.Formatter$FixedString::print (18 bytes)
Event: 451.432 Thread 0x00007f310c179000 nmethod 878 0x00007f30fd2ee2d0 code [0x00007f30fd2ee440, 0x00007f30fd2ee688]
Event: 451.432 Thread 0x00007f310c179000  880       3       java.nio.Buffer::position (43 bytes)
Event: 451.432 Thread 0x00007f310c179000 nmethod 880 0x00007f30fd2ee790 code [0x00007f30fd2ee900, 0x00007f30fd2eebc8]
Event: 451.435 Thread 0x00007f310c174800 nmethod 876 0x00007f30fd2f1cd0 code [0x00007f30fd2f1e40, 0x00007f30fd2f2278]

GC Heap History (10 events):
Event: 197.642 GC heap before
{Heap before GC invocations=9 (full 0):
 PSYoungGen      total 24576K, used 22048K [0x00000000e1700000, 0x00000000e3280000, 0x0000000100000000)
  eden space 22016K, 100% used [0x00000000e1700000,0x00000000e2c80000,0x00000000e2c80000)
  from space 2560K, 1% used [0x00000000e3000000,0x00000000e3008000,0x00000000e3280000)
  to   space 3072K, 0% used [0x00000000e2c80000,0x00000000e2c80000,0x00000000e2f80000)
 ParOldGen       total 62976K, used 1164K [0x00000000a4400000, 0x00000000a8180000, 0x00000000e1700000)
  object space 62976K, 1% used [0x00000000a4400000,0x00000000a4523070,0x00000000a8180000)
 Metaspace       used 7643K, capacity 7784K, committed 7808K, reserved 1056768K
  class space    used 820K, capacity 888K, committed 896K, reserved 1048576K
Event: 197.643 GC heap after
Heap after GC invocations=9 (full 0):
 PSYoungGen      total 22016K, used 32K [0x00000000e1700000, 0x00000000e3200000, 0x0000000100000000)
  eden space 21504K, 0% used [0x00000000e1700000,0x00000000e1700000,0x00000000e2c00000)
  from space 512K, 6% used [0x00000000e2c80000,0x00000000e2c88000,0x00000000e2d00000)
  to   space 3072K, 0% used [0x00000000e2f00000,0x00000000e2f00000,0x00000000e3200000)
 ParOldGen       total 62976K, used 1164K [0x00000000a4400000, 0x00000000a8180000, 0x00000000e1700000)
  object space 62976K, 1% used [0x00000000a4400000,0x00000000a4523070,0x00000000a8180000)
 Metaspace       used 7643K, capacity 7784K, committed 7808K, reserved 1056768K
  class space    used 820K, capacity 888K, committed 896K, reserved 1048576K
}
Event: 219.265 GC heap before
{Heap before GC invocations=10 (full 0):
 PSYoungGen      total 22016K, used 21536K [0x00000000e1700000, 0x00000000e3200000, 0x0000000100000000)
  eden space 21504K, 100% used [0x00000000e1700000,0x00000000e2c00000,0x00000000e2c00000)
  from space 512K, 6% used [0x00000000e2c80000,0x00000000e2c88000,0x00000000e2d00000)
  to   space 3072K, 0% used [0x00000000e2f00000,0x00000000e2f00000,0x00000000e3200000)
 ParOldGen       total 62976K, used 1164K [0x00000000a4400000, 0x00000000a8180000, 0x00000000e1700000)
  object space 62976K, 1% used [0x00000000a4400000,0x00000000a4523070,0x00000000a8180000)
 Metaspace       used 7643K, capacity 7784K, committed 7808K, reserved 1056768K
  class space    used 820K, capacity 888K, committed 896K, reserved 1048576K
Event: 219.266 GC heap after
Heap after GC invocations=10 (full 0):
 PSYoungGen      total 24576K, used 32K [0x00000000e1700000, 0x00000000e3200000, 0x0000000100000000)
  eden space 21504K, 0% used [0x00000000e1700000,0x00000000e1700000,0x00000000e2c00000)
  from space 3072K, 1% used [0x00000000e2f00000,0x00000000e2f08000,0x00000000e3200000)
  to   space 3072K, 0% used [0x00000000e2c00000,0x00000000e2c00000,0x00000000e2f00000)
 ParOldGen       total 62976K, used 1164K [0x00000000a4400000, 0x00000000a8180000, 0x00000000e1700000)
  object space 62976K, 1% used [0x00000000a4400000,0x00000000a4523070,0x00000000a8180000)
 Metaspace       used 7643K, capacity 7784K, committed 7808K, reserved 1056768K
  class space    used 820K, capacity 888K, committed 896K, reserved 1048576K
}
Event: 240.595 GC heap before
{Heap before GC invocations=11 (full 0):
 PSYoungGen      total 24576K, used 21536K [0x00000000e1700000, 0x00000000e3200000, 0x0000000100000000)
  eden space 21504K, 100% used [0x00000000e1700000,0x00000000e2c00000,0x00000000e2c00000)
  from space 3072K, 1% used [0x00000000e2f00000,0x00000000e2f08000,0x00000000e3200000)
  to   space 3072K, 0% used [0x00000000e2c00000,0x00000000e2c00000,0x00000000e2f00000)
 ParOldGen       total 62976K, used 1164K [0x00000000a4400000, 0x00000000a8180000, 0x00000000e1700000)
  object space 62976K, 1% used [0x00000000a4400000,0x00000000a4523070,0x00000000a8180000)
 Metaspace       used 7643K, capacity 7784K, committed 7808K, reserved 1056768K
  class space    used 820K, capacity 888K, committed 896K, reserved 1048576K
Event: 240.596 GC heap after
Heap after GC invocations=11 (full 0):
 PSYoungGen      total 24576K, used 32K [0x00000000e1700000, 0x00000000e3200000, 0x0000000100000000)
  eden space 21504K, 0% used [0x00000000e1700000,0x00000000e1700000,0x00000000e2c00000)
  from space 3072K, 1% used [0x00000000e2c00000,0x00000000e2c08000,0x00000000e2f00000)
  to   space 3072K, 0% used [0x00000000e2f00000,0x00000000e2f00000,0x00000000e3200000)
 ParOldGen       total 62976K, used 1172K [0x00000000a4400000, 0x00000000a8180000, 0x00000000e1700000)
  object space 62976K, 1% used [0x00000000a4400000,0x00000000a4525070,0x00000000a8180000)
 Metaspace       used 7643K, capacity 7784K, committed 7808K, reserved 1056768K
  class space    used 820K, capacity 888K, committed 896K, reserved 1048576K
}
Event: 261.924 GC heap before
{Heap before GC invocations=12 (full 0):
 PSYoungGen      total 24576K, used 21536K [0x00000000e1700000, 0x00000000e3200000, 0x0000000100000000)
  eden space 21504K, 100% used [0x00000000e1700000,0x00000000e2c00000,0x00000000e2c00000)
  from space 3072K, 1% used [0x00000000e2c00000,0x00000000e2c08000,0x00000000e2f00000)
  to   space 3072K, 0% used [0x00000000e2f00000,0x00000000e2f00000,0x00000000e3200000)
 ParOldGen       total 62976K, used 1172K [0x00000000a4400000, 0x00000000a8180000, 0x00000000e1700000)
  object space 62976K, 1% used [0x00000000a4400000,0x00000000a4525070,0x00000000a8180000)
 Metaspace       used 7643K, capacity 7784K, committed 7808K, reserved 1056768K
  class space    used 820K, capacity 888K, committed 896K, reserved 1048576K
Event: 261.925 GC heap after
Heap after GC invocations=12 (full 0):
 PSYoungGen      total 24576K, used 32K [0x00000000e1700000, 0x00000000e3200000, 0x0000000100000000)
  eden space 21504K, 0% used [0x00000000e1700000,0x00000000e1700000,0x00000000e2c00000)
  from space 3072K, 1% used [0x00000000e2f00000,0x00000000e2f08000,0x00000000e3200000)
  to   space 3072K, 0% used [0x00000000e2c00000,0x00000000e2c00000,0x00000000e2f00000)
 ParOldGen       total 62976K, used 1172K [0x00000000a4400000, 0x00000000a8180000, 0x00000000e1700000)
  object space 62976K, 1% used [0x00000000a4400000,0x00000000a4525070,0x00000000a8180000)
 Metaspace       used 7643K, capacity 7784K, committed 7808K, reserved 1056768K
  class space    used 820K, capacity 888K, committed 896K, reserved 1048576K
}
Event: 432.702 GC heap before
{Heap before GC invocations=13 (full 0):
 PSYoungGen      total 24576K, used 21536K [0x00000000e1700000, 0x00000000e3200000, 0x0000000100000000)
  eden space 21504K, 100% used [0x00000000e1700000,0x00000000e2c00000,0x00000000e2c00000)
  from space 3072K, 1% used [0x00000000e2f00000,0x00000000e2f08000,0x00000000e3200000)
  to   space 3072K, 0% used [0x00000000e2c00000,0x00000000e2c00000,0x00000000e2f00000)
 ParOldGen       total 62976K, used 1172K [0x00000000a4400000, 0x00000000a8180000, 0x00000000e1700000)
  object space 62976K, 1% used [0x00000000a4400000,0x00000000a4525070,0x00000000a8180000)
 Metaspace       used 7752K, capacity 7896K, committed 8064K, reserved 1056768K
  class space    used 832K, capacity 896K, committed 896K, reserved 1048576K
Event: 432.704 GC heap after
Heap after GC invocations=13 (full 0):
 PSYoungGen      total 24576K, used 32K [0x00000000e1700000, 0x00000000e3200000, 0x0000000100000000)
  eden space 21504K, 0% used [0x00000000e1700000,0x00000000e1700000,0x00000000e2c00000)
  from space 3072K, 1% used [0x00000000e2c00000,0x00000000e2c08000,0x00000000e2f00000)
  to   space 3072K, 0% used [0x00000000e2f00000,0x00000000e2f00000,0x00000000e3200000)
 ParOldGen       total 62976K, used 1180K [0x00000000a4400000, 0x00000000a8180000, 0x00000000e1700000)
  object space 62976K, 1% used [0x00000000a4400000,0x00000000a4527070,0x00000000a8180000)
 Metaspace       used 7752K, capacity 7896K, committed 8064K, reserved 1056768K
  class space    used 832K, capacity 896K, committed 896K, reserved 1048576K
}

Deoptimization events (10 events):
Event: 22.035 Thread 0x00007f310c00a000 Uncommon trap: reason=unstable_if action=reinterpret pc=0x00007f30fd1d5f28 method=java.lang.CharacterDataLatin1.digit(II)I @ 82
Event: 24.221 Thread 0x00007f310c00a000 Uncommon trap: reason=unstable_if action=reinterpret pc=0x00007f30fd1e05c0 method=java.lang.Integer.parseInt(Ljava/lang/String;I)I @ 197
Event: 68.696 Thread 0x00007f30b400c800 Uncommon trap: reason=bimorphic action=maybe_recompile pc=0x00007f30fd2cac3c method=org.gazebosim.transport.Subscriber.handle_connect(Lorg/gazebosim/transport/PublisherRecord;)V @ 157
Event: 81.631 Thread 0x00007f30b400c800 Uncommon trap: reason=bimorphic action=maybe_recompile pc=0x00007f30fd2cac3c method=org.gazebosim.transport.Subscriber.handle_connect(Lorg/gazebosim/transport/PublisherRecord;)V @ 157
Event: 94.005 Thread 0x00007f310c28b000 Uncommon trap: reason=bimorphic action=maybe_recompile pc=0x00007f30fd2cac3c method=org.gazebosim.transport.Subscriber.handle_connect(Lorg/gazebosim/transport/PublisherRecord;)V @ 157
Event: 107.041 Thread 0x00007f310c28b000 Uncommon trap: reason=bimorphic action=maybe_recompile pc=0x00007f30fd2cac3c method=org.gazebosim.transport.Subscriber.handle_connect(Lorg/gazebosim/transport/PublisherRecord;)V @ 157
Event: 177.990 Thread 0x00007f310c252000 Uncommon trap: reason=class_check action=maybe_recompile pc=0x00007f30fd1e7e08 method=com.google.protobuf.CodedInputStream$ArrayDecoder.readMessage(Lcom/google/protobuf/Parser;Lcom/google/protobuf/ExtensionRegistryLite;)Lcom/google/protobuf/MessageLite; @
Event: 178.002 Thread 0x00007f310c252000 Uncommon trap: reason=class_check action=maybe_recompile pc=0x00007f30fd1e7e08 method=com.google.protobuf.CodedInputStream$ArrayDecoder.readMessage(Lcom/google/protobuf/Parser;Lcom/google/protobuf/ExtensionRegistryLite;)Lcom/google/protobuf/MessageLite; @
Event: 178.011 Thread 0x00007f310c252000 Uncommon trap: reason=class_check action=maybe_recompile pc=0x00007f30fd1e7e08 method=com.google.protobuf.CodedInputStream$ArrayDecoder.readMessage(Lcom/google/protobuf/Parser;Lcom/google/protobuf/ExtensionRegistryLite;)Lcom/google/protobuf/MessageLite; @
Event: 178.012 Thread 0x00007f310c252000 Uncommon trap: reason=class_check action=maybe_recompile pc=0x00007f30fd1e7e08 method=com.google.protobuf.CodedInputStream$ArrayDecoder.readMessage(Lcom/google/protobuf/Parser;Lcom/google/protobuf/ExtensionRegistryLite;)Lcom/google/protobuf/MessageLite; @

Internal exceptions (10 events):
Event: 0.063 Thread 0x00007f310c00a000 Exception <a 'java/lang/NoSuchMethodError': Method sun.misc.Unsafe.defineClass(Ljava/lang/String;[BII)Ljava/lang/Class; name or signature does not match> (0x00000000e1707ca8) thrown at [/build/openjdk-8-YiEakL/openjdk-8-8u121-b13/src/hotspot/src/share/vm/
Event: 0.063 Thread 0x00007f310c00a000 Exception <a 'java/lang/NoSuchMethodError': Method sun.misc.Unsafe.prefetchRead(Ljava/lang/Object;J)V name or signature does not match> (0x00000000e1707f90) thrown at [/build/openjdk-8-YiEakL/openjdk-8-8u121-b13/src/hotspot/src/share/vm/prims/jni.cpp, lin
Event: 0.738 Thread 0x00007f310c00a000 Exception <a 'java/security/PrivilegedActionException'> (0x00000000e2127328) thrown at [/build/openjdk-8-YiEakL/openjdk-8-8u121-b13/src/hotspot/src/share/vm/prims/jvm.cpp, line 1390]
Event: 0.738 Thread 0x00007f310c00a000 Exception <a 'java/security/PrivilegedActionException'> (0x00000000e2127538) thrown at [/build/openjdk-8-YiEakL/openjdk-8-8u121-b13/src/hotspot/src/share/vm/prims/jvm.cpp, line 1390]
Event: 0.739 Thread 0x00007f310c00a000 Exception <a 'java/security/PrivilegedActionException'> (0x00000000e21295c0) thrown at [/build/openjdk-8-YiEakL/openjdk-8-8u121-b13/src/hotspot/src/share/vm/prims/jvm.cpp, line 1390]
Event: 0.739 Thread 0x00007f310c00a000 Exception <a 'java/security/PrivilegedActionException'> (0x00000000e21297d0) thrown at [/build/openjdk-8-YiEakL/openjdk-8-8u121-b13/src/hotspot/src/share/vm/prims/jvm.cpp, line 1390]
Event: 0.739 Thread 0x00007f310c00a000 Exception <a 'java/security/PrivilegedActionException'> (0x00000000e212a2a8) thrown at [/build/openjdk-8-YiEakL/openjdk-8-8u121-b13/src/hotspot/src/share/vm/prims/jvm.cpp, line 1390]
Event: 0.739 Thread 0x00007f310c00a000 Exception <a 'java/security/PrivilegedActionException'> (0x00000000e212a4b8) thrown at [/build/openjdk-8-YiEakL/openjdk-8-8u121-b13/src/hotspot/src/share/vm/prims/jvm.cpp, line 1390]
Event: 21.977 Thread 0x00007f310c00a000 Exception <a 'java/lang/NoSuchFieldError': method resolution failed> (0x00000000e22b0b58) thrown at [/build/openjdk-8-YiEakL/openjdk-8-8u121-b13/src/hotspot/src/share/vm/prims/methodHandles.cpp, line 1146]
Event: 21.992 Thread 0x00007f310c00a000 Exception <a 'java/lang/NoSuchFieldError': method resolution failed> (0x00000000e22bde48) thrown at [/build/openjdk-8-YiEakL/openjdk-8-8u121-b13/src/hotspot/src/share/vm/prims/methodHandles.cpp, line 1146]

Events (10 events):
Event: 312.694 loading class sun/reflect/ClassDefiner
Event: 312.694 loading class sun/reflect/ClassDefiner done
Event: 312.694 loading class sun/reflect/ClassDefiner$1
Event: 312.694 loading class sun/reflect/ClassDefiner$1 done
Event: 432.697 Executing VM operation: ParallelGCFailedAllocation
Event: 432.704 Executing VM operation: ParallelGCFailedAllocation done
Event: 450.864 loading class java/util/logging/LogRecord
Event: 450.864 loading class java/util/logging/LogRecord done
Event: 451.435 loading class gazebo/msgs/GzSubscribe
Event: 451.435 loading class gazebo/msgs/GzSubscribe done


Dynamic libraries:
00400000-00401000 r-xp 00000000 08:01 18745555                           /usr/lib/jvm/java-8-openjdk-amd64/jre/bin/java
00600000-00601000 r--p 00000000 08:01 18745555                           /usr/lib/jvm/java-8-openjdk-amd64/jre/bin/java
00601000-00602000 rw-p 00001000 08:01 18745555                           /usr/lib/jvm/java-8-openjdk-amd64/jre/bin/java
02008000-02029000 rw-p 00000000 00:00 0                                  [heap]
a4400000-a8180000 rw-p 00000000 00:00 0 
a8180000-e1700000 ---p 00000000 00:00 0 
e1700000-e3200000 rw-p 00000000 00:00 0 
e3200000-100000000 ---p 00000000 00:00 0 
100000000-1000e0000 rw-p 00000000 00:00 0 
1000e0000-140000000 ---p 00000000 00:00 0 
7f309c000000-7f309c021000 rw-p 00000000 00:00 0 
7f309c021000-7f30a0000000 ---p 00000000 00:00 0 
7f30a0000000-7f30a0021000 rw-p 00000000 00:00 0 
7f30a0021000-7f30a4000000 ---p 00000000 00:00 0 
7f30a4000000-7f30a4021000 rw-p 00000000 00:00 0 
7f30a4021000-7f30a8000000 ---p 00000000 00:00 0 
7f30a8000000-7f30a8021000 rw-p 00000000 00:00 0 
7f30a8021000-7f30ac000000 ---p 00000000 00:00 0 
7f30ac000000-7f30ac021000 rw-p 00000000 00:00 0 
7f30ac021000-7f30b0000000 ---p 00000000 00:00 0 
7f30b0000000-7f30b0021000 rw-p 00000000 00:00 0 
7f30b0021000-7f30b4000000 ---p 00000000 00:00 0 
7f30b4000000-7f30b4044000 rw-p 00000000 00:00 0 
7f30b4044000-7f30b8000000 ---p 00000000 00:00 0 
7f30b8000000-7f30b8021000 rw-p 00000000 00:00 0 
7f30b8021000-7f30bc000000 ---p 00000000 00:00 0 
7f30bc000000-7f30bc021000 rw-p 00000000 00:00 0 
7f30bc021000-7f30c0000000 ---p 00000000 00:00 0 
7f30c0000000-7f30c0021000 rw-p 00000000 00:00 0 
7f30c0021000-7f30c4000000 ---p 00000000 00:00 0 
7f30c4000000-7f30c4249000 rw-p 00000000 00:00 0 
7f30c4249000-7f30c8000000 ---p 00000000 00:00 0 
7f30c8000000-7f30c8021000 rw-p 00000000 00:00 0 
7f30c8021000-7f30cc000000 ---p 00000000 00:00 0 
7f30cc000000-7f30cc021000 rw-p 00000000 00:00 0 
7f30cc021000-7f30d0000000 ---p 00000000 00:00 0 
7f30d0000000-7f30d02e1000 rw-p 00000000 00:00 0 
7f30d02e1000-7f30d4000000 ---p 00000000 00:00 0 
7f30d4000000-7f30d4021000 rw-p 00000000 00:00 0 
7f30d4021000-7f30d8000000 ---p 00000000 00:00 0 
7f30d8000000-7f30d8232000 rw-p 00000000 00:00 0 
7f30d8232000-7f30dc000000 ---p 00000000 00:00 0 
7f30dc000000-7f30dc021000 rw-p 00000000 00:00 0 
7f30dc021000-7f30e0000000 ---p 00000000 00:00 0 
7f30e0000000-7f30e0021000 rw-p 00000000 00:00 0 
7f30e0021000-7f30e4000000 ---p 00000000 00:00 0 
7f30e4000000-7f30e4021000 rw-p 00000000 00:00 0 
7f30e4021000-7f30e8000000 ---p 00000000 00:00 0 
7f30e8000000-7f30e8021000 rw-p 00000000 00:00 0 
7f30e8021000-7f30ec000000 ---p 00000000 00:00 0 
7f30ed653000-7f30ed654000 ---p 00000000 00:00 0 
7f30ed654000-7f30ede54000 rw-p 00000000 00:00 0 
7f30ede54000-7f30ede55000 ---p 00000000 00:00 0 
7f30ede55000-7f30ee655000 rw-p 00000000 00:00 0 
7f30ee655000-7f30ee6fc000 r-xp 00000000 08:01 10616987                   /tmp/libNetworkTablesJNI8178186029914784599.so
7f30ee6fc000-7f30ee8fc000 ---p 000a7000 08:01 10616987                   /tmp/libNetworkTablesJNI8178186029914784599.so
7f30ee8fc000-7f30ee8fe000 r--p 000a7000 08:01 10616987                   /tmp/libNetworkTablesJNI8178186029914784599.so
7f30ee8fe000-7f30ee900000 rw-p 000a9000 08:01 10616987                   /tmp/libNetworkTablesJNI8178186029914784599.so
7f30ee900000-7f30ee903000 ---p 00000000 00:00 0 
7f30ee903000-7f30eea01000 rw-p 00000000 00:00 0 
7f30eea01000-7f30eea04000 ---p 00000000 00:00 0 
7f30eea04000-7f30eeb02000 rw-p 00000000 00:00 0 
7f30eeb02000-7f30eeb05000 ---p 00000000 00:00 0 
7f30eeb05000-7f30eec03000 rw-p 00000000 00:00 0 
7f30eec03000-7f30eec06000 ---p 00000000 00:00 0 
7f30eec06000-7f30eed04000 rw-p 00000000 00:00 0 
7f30eed04000-7f30eed07000 ---p 00000000 00:00 0 
7f30eed07000-7f30eee05000 rw-p 00000000 00:00 0 
7f30eee05000-7f30eee08000 ---p 00000000 00:00 0 
7f30eee08000-7f30eef06000 rw-p 00000000 00:00 0 
7f30eef06000-7f30eef09000 ---p 00000000 00:00 0 
7f30eef09000-7f30ef007000 rw-p 00000000 00:00 0 
7f30ef007000-7f30ef00a000 ---p 00000000 00:00 0 
7f30ef00a000-7f30ef409000 rw-p 00000000 00:00 0 
7f30ef409000-7f30ef420000 r-xp 00000000 08:01 17958563                   /usr/lib/jvm/java-8-openjdk-amd64/jre/lib/amd64/libnet.so
7f30ef420000-7f30ef61f000 ---p 00017000 08:01 17958563                   /usr/lib/jvm/java-8-openjdk-amd64/jre/lib/amd64/libnet.so
7f30ef61f000-7f30ef620000 r--p 00016000 08:01 17958563                   /usr/lib/jvm/java-8-openjdk-amd64/jre/lib/amd64/libnet.so
7f30ef620000-7f30ef621000 rw-p 00017000 08:01 17958563                   /usr/lib/jvm/java-8-openjdk-amd64/jre/lib/amd64/libnet.so
7f30ef621000-7f30ef622000 ---p 00000000 00:00 0 
7f30ef622000-7f30ef722000 rw-p 00000000 00:00 0 
7f30ef722000-7f30ef725000 ---p 00000000 00:00 0 
7f30ef725000-7f30ef823000 rw-p 00000000 00:00 0 
7f30ef823000-7f30ef826000 ---p 00000000 00:00 0 
7f30ef826000-7f30ef924000 rw-p 00000000 00:00 0 
7f30ef924000-7f30ef927000 ---p 00000000 00:00 0 
7f30ef927000-7f30efa25000 rw-p 00000000 00:00 0 
7f30efa25000-7f30efa28000 ---p 00000000 00:00 0 
7f30efa28000-7f30efb26000 rw-p 00000000 00:00 0 
7f30efb26000-7f30efb29000 ---p 00000000 00:00 0 
7f30efb29000-7f30efc27000 rw-p 00000000 00:00 0 
7f30efc27000-7f30efeff000 r--p 00000000 08:01 14943124                   /usr/lib/locale/locale-archive
7f30efeff000-7f30eff02000 ---p 00000000 00:00 0 
7f30eff02000-7f30f0000000 rw-p 00000000 00:00 0 
7f30f0000000-7f30f0021000 rw-p 00000000 00:00 0 
7f30f0021000-7f30f4000000 ---p 00000000 00:00 0 
7f30f401d000-7f30f4042000 r--s 0046b000 08:01 1179777                    /home/robotics/gitviews/javacode2017/Screambunction/dist/FRCUserProgramSim.jar
7f30f4042000-7f30f4045000 ---p 00000000 00:00 0 
7f30f4045000-7f30f4143000 rw-p 00000000 00:00 0 
7f30f4143000-7f30f4144000 ---p 00000000 00:00 0 
7f30f4144000-7f30f5052000 rw-p 00000000 00:00 0 
7f30f5052000-7f30f5220000 r--s 03c06000 08:01 17435072                   /usr/lib/jvm/java-8-openjdk-amd64/jre/lib/rt.jar
7f30f5220000-7f30f8000000 rw-p 00000000 00:00 0 
7f30f8000000-7f30f8021000 rw-p 00000000 00:00 0 
7f30f8021000-7f30fc000000 ---p 00000000 00:00 0 
7f30fc002000-7f30fc01d000 r--s 00394000 08:01 18614671                   /usr/lib/jvm/java-8-openjdk-amd64/jre/lib/ext/cldrdata.jar
7f30fc01d000-7f30fc81e000 rw-p 00000000 00:00 0 
7f30fc81e000-7f30fc91e000 ---p 00000000 00:00 0 
7f30fc91e000-7f30fcbfc000 rw-p 00000000 00:00 0 
7f30fcbfc000-7f30fcbfd000 ---p 00000000 00:00 0 
7f30fcbfd000-7f30fccfd000 rw-p 00000000 00:00 0 
7f30fccfd000-7f30fccfe000 ---p 00000000 00:00 0 
7f30fccfe000-7f30fcdfe000 rw-p 00000000 00:00 0 
7f30fcdfe000-7f30fcdff000 ---p 00000000 00:00 0 
7f30fcdff000-7f30fceff000 rw-p 00000000 00:00 0 
7f30fceff000-7f30fcf00000 ---p 00000000 00:00 0 
7f30fcf00000-7f30fd000000 rw-p 00000000 00:00 0 
7f30fd000000-7f30fd300000 rwxp 00000000 00:00 0 
7f30fd300000-7f310c000000 ---p 00000000 00:00 0 
7f310c000000-7f310c397000 rw-p 00000000 00:00 0 
7f310c397000-7f3110000000 ---p 00000000 00:00 0 
7f3110016000-7f3110031000 r--s 001d6000 08:01 18614668                   /usr/lib/jvm/java-8-openjdk-amd64/jre/lib/ext/nashorn.jar
7f3110031000-7f31100c6000 rw-p 00000000 00:00 0 
7f31100c6000-7f3110291000 ---p 00000000 00:00 0 
7f3110291000-7f31102b0000 rw-p 00000000 00:00 0 
7f31102b0000-7f311047a000 ---p 00000000 00:00 0 
7f311047a000-7f3110488000 rw-p 00000000 00:00 0 
7f3110488000-7f311056f000 ---p 00000000 00:00 0 
7f311056f000-7f311057c000 rw-p 00000000 00:00 0 
7f311057c000-7f3110930000 ---p 00000000 00:00 0 
7f3110930000-7f3110938000 r-xp 00000000 08:01 17958561                   /usr/lib/jvm/java-8-openjdk-amd64/jre/lib/amd64/libzip.so
7f3110938000-7f3110b37000 ---p 00008000 08:01 17958561                   /usr/lib/jvm/java-8-openjdk-amd64/jre/lib/amd64/libzip.so
7f3110b37000-7f3110b38000 r--p 00007000 08:01 17958561                   /usr/lib/jvm/java-8-openjdk-amd64/jre/lib/amd64/libzip.so
7f3110b38000-7f3110b39000 rw-p 00008000 08:01 17958561                   /usr/lib/jvm/java-8-openjdk-amd64/jre/lib/amd64/libzip.so
7f3110b39000-7f3110b44000 r-xp 00000000 08:01 135562                     /lib/x86_64-linux-gnu/libnss_files-2.23.so
7f3110b44000-7f3110d43000 ---p 0000b000 08:01 135562                     /lib/x86_64-linux-gnu/libnss_files-2.23.so
7f3110d43000-7f3110d44000 r--p 0000a000 08:01 135562                     /lib/x86_64-linux-gnu/libnss_files-2.23.so
7f3110d44000-7f3110d45000 rw-p 0000b000 08:01 135562                     /lib/x86_64-linux-gnu/libnss_files-2.23.so
7f3110d45000-7f3110d4b000 rw-p 00000000 00:00 0 
7f3110d4b000-7f3110d56000 r-xp 00000000 08:01 131159                     /lib/x86_64-linux-gnu/libnss_nis-2.23.so
7f3110d56000-7f3110f55000 ---p 0000b000 08:01 131159                     /lib/x86_64-linux-gnu/libnss_nis-2.23.so
7f3110f55000-7f3110f56000 r--p 0000a000 08:01 131159                     /lib/x86_64-linux-gnu/libnss_nis-2.23.so
7f3110f56000-7f3110f57000 rw-p 0000b000 08:01 131159                     /lib/x86_64-linux-gnu/libnss_nis-2.23.so
7f3110f57000-7f3110f6d000 r-xp 00000000 08:01 131170                     /lib/x86_64-linux-gnu/libnsl-2.23.so
7f3110f6d000-7f311116c000 ---p 00016000 08:01 131170                     /lib/x86_64-linux-gnu/libnsl-2.23.so
7f311116c000-7f311116d000 r--p 00015000 08:01 131170                     /lib/x86_64-linux-gnu/libnsl-2.23.so
7f311116d000-7f311116e000 rw-p 00016000 08:01 131170                     /lib/x86_64-linux-gnu/libnsl-2.23.so
7f311116e000-7f3111170000 rw-p 00000000 00:00 0 
7f3111170000-7f3111178000 r-xp 00000000 08:01 135444                     /lib/x86_64-linux-gnu/libnss_compat-2.23.so
7f3111178000-7f3111377000 ---p 00008000 08:01 135444                     /lib/x86_64-linux-gnu/libnss_compat-2.23.so
7f3111377000-7f3111378000 r--p 00007000 08:01 135444                     /lib/x86_64-linux-gnu/libnss_compat-2.23.so
7f3111378000-7f3111379000 rw-p 00008000 08:01 135444                     /lib/x86_64-linux-gnu/libnss_compat-2.23.so
7f3111379000-7f31113a6000 r-xp 00000000 08:01 17958583                   /usr/lib/jvm/java-8-openjdk-amd64/jre/lib/amd64/libjava.so
7f31113a6000-7f31115a5000 ---p 0002d000 08:01 17958583                   /usr/lib/jvm/java-8-openjdk-amd64/jre/lib/amd64/libjava.so
7f31115a5000-7f31115a6000 r--p 0002c000 08:01 17958583                   /usr/lib/jvm/java-8-openjdk-amd64/jre/lib/amd64/libjava.so
7f31115a6000-7f31115a8000 rw-p 0002d000 08:01 17958583                   /usr/lib/jvm/java-8-openjdk-amd64/jre/lib/amd64/libjava.so
7f31115a8000-7f31115b7000 r-xp 00000000 08:01 17958554                   /usr/lib/jvm/java-8-openjdk-amd64/jre/lib/amd64/libverify.so
7f31115b7000-7f31117b6000 ---p 0000f000 08:01 17958554                   /usr/lib/jvm/java-8-openjdk-amd64/jre/lib/amd64/libverify.so
7f31117b6000-7f31117b8000 r--p 0000e000 08:01 17958554                   /usr/lib/jvm/java-8-openjdk-amd64/jre/lib/amd64/libverify.so
7f31117b8000-7f31117b9000 rw-p 00010000 08:01 17958554                   /usr/lib/jvm/java-8-openjdk-amd64/jre/lib/amd64/libverify.so
7f31117b9000-7f31117c0000 r-xp 00000000 08:01 131158                     /lib/x86_64-linux-gnu/librt-2.23.so
7f31117c0000-7f31119bf000 ---p 00007000 08:01 131158                     /lib/x86_64-linux-gnu/librt-2.23.so
7f31119bf000-7f31119c0000 r--p 00006000 08:01 131158                     /lib/x86_64-linux-gnu/librt-2.23.so
7f31119c0000-7f31119c1000 rw-p 00007000 08:01 131158                     /lib/x86_64-linux-gnu/librt-2.23.so
7f31119c1000-7f31119d7000 r-xp 00000000 08:01 135582                     /lib/x86_64-linux-gnu/libgcc_s.so.1
7f31119d7000-7f3111bd6000 ---p 00016000 08:01 135582                     /lib/x86_64-linux-gnu/libgcc_s.so.1
7f3111bd6000-7f3111bd7000 rw-p 00015000 08:01 135582                     /lib/x86_64-linux-gnu/libgcc_s.so.1
7f3111bd7000-7f3111cdf000 r-xp 00000000 08:01 131168                     /lib/x86_64-linux-gnu/libm-2.23.so
7f3111cdf000-7f3111ede000 ---p 00108000 08:01 131168                     /lib/x86_64-linux-gnu/libm-2.23.so
7f3111ede000-7f3111edf000 r--p 00107000 08:01 131168                     /lib/x86_64-linux-gnu/libm-2.23.so
7f3111edf000-7f3111ee0000 rw-p 00108000 08:01 131168                     /lib/x86_64-linux-gnu/libm-2.23.so
7f3111ee0000-7f3112052000 r-xp 00000000 08:01 14944385                   /usr/lib/x86_64-linux-gnu/libstdc++.so.6.0.21
7f3112052000-7f3112252000 ---p 00172000 08:01 14944385                   /usr/lib/x86_64-linux-gnu/libstdc++.so.6.0.21
7f3112252000-7f311225c000 r--p 00172000 08:01 14944385                   /usr/lib/x86_64-linux-gnu/libstdc++.so.6.0.21
7f311225c000-7f311225e000 rw-p 0017c000 08:01 14944385                   /usr/lib/x86_64-linux-gnu/libstdc++.so.6.0.21
7f311225e000-7f3112262000 rw-p 00000000 00:00 0 
7f3112262000-7f3112eb2000 r-xp 00000000 08:01 18222545                   /usr/lib/jvm/java-8-openjdk-amd64/jre/lib/amd64/server/libjvm.so
7f3112eb2000-7f31130b1000 ---p 00c50000 08:01 18222545                   /usr/lib/jvm/java-8-openjdk-amd64/jre/lib/amd64/server/libjvm.so
7f31130b1000-7f3113144000 r--p 00c4f000 08:01 18222545                   /usr/lib/jvm/java-8-openjdk-amd64/jre/lib/amd64/server/libjvm.so
7f3113144000-7f311316d000 rw-p 00ce2000 08:01 18222545                   /usr/lib/jvm/java-8-openjdk-amd64/jre/lib/amd64/server/libjvm.so
7f311316d000-7f311319d000 rw-p 00000000 00:00 0 
7f311319d000-7f31131b5000 r-xp 00000000 08:01 131169                     /lib/x86_64-linux-gnu/libpthread-2.23.so
7f31131b5000-7f31133b4000 ---p 00018000 08:01 131169                     /lib/x86_64-linux-gnu/libpthread-2.23.so
7f31133b4000-7f31133b5000 r--p 00017000 08:01 131169                     /lib/x86_64-linux-gnu/libpthread-2.23.so
7f31133b5000-7f31133b6000 rw-p 00018000 08:01 131169                     /lib/x86_64-linux-gnu/libpthread-2.23.so
7f31133b6000-7f31133ba000 rw-p 00000000 00:00 0 
7f31133ba000-7f31133bd000 r-xp 00000000 08:01 131162                     /lib/x86_64-linux-gnu/libdl-2.23.so
7f31133bd000-7f31135bc000 ---p 00003000 08:01 131162                     /lib/x86_64-linux-gnu/libdl-2.23.so
7f31135bc000-7f31135bd000 r--p 00002000 08:01 131162                     /lib/x86_64-linux-gnu/libdl-2.23.so
7f31135bd000-7f31135be000 rw-p 00003000 08:01 131162                     /lib/x86_64-linux-gnu/libdl-2.23.so
7f31135be000-7f31135d7000 r-xp 00000000 08:01 135735                     /lib/x86_64-linux-gnu/libz.so.1.2.8
7f31135d7000-7f31137d6000 ---p 00019000 08:01 135735                     /lib/x86_64-linux-gnu/libz.so.1.2.8
7f31137d6000-7f31137d7000 r--p 00018000 08:01 135735                     /lib/x86_64-linux-gnu/libz.so.1.2.8
7f31137d7000-7f31137d8000 rw-p 00019000 08:01 135735                     /lib/x86_64-linux-gnu/libz.so.1.2.8
7f31137d8000-7f3113997000 r-xp 00000000 08:01 131163                     /lib/x86_64-linux-gnu/libc-2.23.so
7f3113997000-7f3113b97000 ---p 001bf000 08:01 131163                     /lib/x86_64-linux-gnu/libc-2.23.so
7f3113b97000-7f3113b9b000 r--p 001bf000 08:01 131163                     /lib/x86_64-linux-gnu/libc-2.23.so
7f3113b9b000-7f3113b9d000 rw-p 001c3000 08:01 131163                     /lib/x86_64-linux-gnu/libc-2.23.so
7f3113b9d000-7f3113ba1000 rw-p 00000000 00:00 0 
7f3113ba1000-7f3113bae000 r-xp 00000000 08:01 18090462                   /usr/lib/jvm/java-8-openjdk-amd64/jre/lib/amd64/jli/libjli.so
7f3113bae000-7f3113dae000 ---p 0000d000 08:01 18090462                   /usr/lib/jvm/java-8-openjdk-amd64/jre/lib/amd64/jli/libjli.so
7f3113dae000-7f3113daf000 r--p 0000d000 08:01 18090462                   /usr/lib/jvm/java-8-openjdk-amd64/jre/lib/amd64/jli/libjli.so
7f3113daf000-7f3113db0000 rw-p 0000e000 08:01 18090462                   /usr/lib/jvm/java-8-openjdk-amd64/jre/lib/amd64/jli/libjli.so
7f3113db0000-7f3113dd6000 r-xp 00000000 08:01 131086                     /lib/x86_64-linux-gnu/ld-2.23.so
7f3113dde000-7f3113de2000 r--s 0009a000 08:01 17435068                   /usr/lib/jvm/java-8-openjdk-amd64/jre/lib/jsse.jar
7f3113de2000-7f3113de6000 r--s 00037000 08:01 18614673                   /usr/lib/jvm/java-8-openjdk-amd64/jre/lib/ext/sunpkcs11.jar
7f3113de6000-7f3113eab000 rw-p 00000000 00:00 0 
7f3113eab000-7f3113eae000 ---p 00000000 00:00 0 
7f3113eae000-7f3113fb1000 rw-p 00000000 00:00 0 
7f3113fb1000-7f3113fbb000 r--s 00116000 08:01 18614674                   /usr/lib/jvm/java-8-openjdk-amd64/jre/lib/ext/localedata.jar
7f3113fbb000-7f3113fbc000 r--s 0000a000 08:01 18614676                   /usr/lib/jvm/java-8-openjdk-amd64/jre/lib/ext/jaccess.jar
7f3113fbc000-7f3113fc1000 r--s 0003b000 08:01 18614675                   /usr/lib/jvm/java-8-openjdk-amd64/jre/lib/ext/sunjce_provider.jar
7f3113fc1000-7f3113fc2000 r--s 00010000 08:01 18614672                   /usr/lib/jvm/java-8-openjdk-amd64/jre/lib/ext/zipfs.jar
7f3113fc2000-7f3113fc4000 r--s 00008000 08:01 18614667                   /usr/lib/jvm/java-8-openjdk-amd64/jre/lib/ext/sunec.jar
7f3113fc4000-7f3113fc7000 r--s 0000f000 08:01 18614670                   /usr/lib/jvm/java-8-openjdk-amd64/jre/lib/ext/icedtea-sound.jar
7f3113fc7000-7f3113fc9000 r--s 00001000 08:01 18614669                   /usr/lib/jvm/java-8-openjdk-amd64/jre/lib/ext/dnsns.jar
7f3113fc9000-7f3113fd1000 rw-s 00000000 08:01 10616985                   /tmp/hsperfdata_robotics/5049
7f3113fd1000-7f3113fd2000 rw-p 00000000 00:00 0 
7f3113fd2000-7f3113fd3000 r--p 00000000 00:00 0 
7f3113fd3000-7f3113fd5000 rw-p 00000000 00:00 0 
7f3113fd5000-7f3113fd6000 r--p 00025000 08:01 131086                     /lib/x86_64-linux-gnu/ld-2.23.so
7f3113fd6000-7f3113fd7000 rw-p 00026000 08:01 131086                     /lib/x86_64-linux-gnu/ld-2.23.so
7f3113fd7000-7f3113fd8000 rw-p 00000000 00:00 0 
7ffe624fc000-7ffe6251d000 rw-p 00000000 00:00 0                          [stack]
7ffe625d9000-7ffe625db000 r--p 00000000 00:00 0                          [vvar]
7ffe625db000-7ffe625dd000 r-xp 00000000 00:00 0                          [vdso]
ffffffffff600000-ffffffffff601000 r-xp 00000000 00:00 0                  [vsyscall]

VM Arguments:
jvm_args: -Djava.library.path=/home/robotics/wpilib/simulation/jar 
java_command: /home/robotics/gitviews/javacode2017/Screambunction/dist/FRCUserProgramSim.jar
java_class_path (initial): /home/robotics/gitviews/javacode2017/Screambunction/dist/FRCUserProgramSim.jar
Launcher Type: SUN_STANDARD

Environment Variables:
PATH=/home/robotics/bin:/home/robotics/.local/bin:/usr/local/sbin:/usr/local/bin:/usr/sbin:/usr/bin:/sbin:/bin:/usr/games:/usr/local/games:/snap/bin
SHELL=/bin/bash
DISPLAY=:0

Signal Handlers:
SIGSEGV: [libjvm.so+0xa66fd0], sa_mask[0]=11111111011111111101111111111110, sa_flags=SA_RESTART|SA_SIGINFO
SIGBUS: [libjvm.so+0xa66fd0], sa_mask[0]=11111111011111111101111111111110, sa_flags=SA_RESTART|SA_SIGINFO
SIGFPE: [libjvm.so+0x8b0180], sa_mask[0]=11111111011111111101111111111110, sa_flags=SA_RESTART|SA_SIGINFO
SIGPIPE: [libjvm.so+0x8b0180], sa_mask[0]=11111111011111111101111111111110, sa_flags=SA_RESTART|SA_SIGINFO
SIGXFSZ: [libjvm.so+0x8b0180], sa_mask[0]=11111111011111111101111111111110, sa_flags=SA_RESTART|SA_SIGINFO
SIGILL: [libjvm.so+0x8b0180], sa_mask[0]=11111111011111111101111111111110, sa_flags=SA_RESTART|SA_SIGINFO
SIGUSR1: SIG_DFL, sa_mask[0]=00000000000000000000000000000000, sa_flags=none
SIGUSR2: [libjvm.so+0x8b0030], sa_mask[0]=00100000000000000000000000000000, sa_flags=SA_RESTART|SA_SIGINFO
SIGHUP: [libjvm.so+0x8b0500], sa_mask[0]=11111111011111111101111111111110, sa_flags=SA_RESTART|SA_SIGINFO
SIGINT: [libjvm.so+0x8b0500], sa_mask[0]=11111111011111111101111111111110, sa_flags=SA_RESTART|SA_SIGINFO
SIGTERM: [libjvm.so+0x8b0500], sa_mask[0]=11111111011111111101111111111110, sa_flags=SA_RESTART|SA_SIGINFO
SIGQUIT: [libjvm.so+0x8b0500], sa_mask[0]=11111111011111111101111111111110, sa_flags=SA_RESTART|SA_SIGINFO


---------------  S Y S T E M  ---------------

OS:DISTRIB_ID=Ubuntu
DISTRIB_RELEASE=16.04
DISTRIB_CODENAME=xenial
DISTRIB_DESCRIPTION="Ubuntu 16.04.1 LTS"

uname:Linux 4.4.0-62-generic #83-Ubuntu SMP Wed Jan 18 14:10:15 UTC 2017 x86_64
libc:glibc 2.23 NPTL 2.23 
rlimit: STACK 8192k, CORE 0k, NPROC 23322, NOFILE 65536, AS infinity
load average:3.18 2.90 2.39

/proc/meminfo:
MemTotal:        6010844 kB
MemFree:         1174048 kB
MemAvailable:    2150504 kB
Buffers:          138372 kB
Cached:          1350500 kB
SwapCached:            0 kB
Active:          3776960 kB
Inactive:         793840 kB
Active(anon):    3083972 kB
Inactive(anon):   356360 kB
Active(file):     692988 kB
Inactive(file):   437480 kB
Unevictable:          32 kB
Mlocked:              32 kB
SwapTotal:       6192124 kB
SwapFree:        6192124 kB
Dirty:               468 kB
Writeback:             0 kB
AnonPages:       3082040 kB
Mapped:           353280 kB
Shmem:            358408 kB
Slab:             158348 kB
SReclaimable:     117584 kB
SUnreclaim:        40764 kB
KernelStack:       16112 kB
PageTables:        43636 kB
NFS_Unstable:          0 kB
Bounce:                0 kB
WritebackTmp:          0 kB
CommitLimit:     9197544 kB
Committed_AS:    9531160 kB
VmallocTotal:   34359738367 kB
VmallocUsed:           0 kB
VmallocChunk:          0 kB
HardwareCorrupted:     0 kB
AnonHugePages:   1812480 kB
CmaTotal:              0 kB
CmaFree:               0 kB
HugePages_Total:       0
HugePages_Free:        0
HugePages_Rsvd:        0
HugePages_Surp:        0
Hugepagesize:       2048 kB
DirectMap4k:      104972 kB
DirectMap2M:     6088704 kB


CPU:total 4 (2 cores per cpu, 2 threads per core) family 6 model 42 stepping 7, cmov, cx8, fxsr, mmx, sse, sse2, sse3, ssse3, sse4.1, sse4.2, popcnt, avx, clmul, ht, tsc, tscinvbit

/proc/cpuinfo:
processor	: 0
vendor_id	: GenuineIntel
cpu family	: 6
model		: 42
model name	: Intel(R) Core(TM) i3-2370M CPU @ 2.40GHz
stepping	: 7
microcode	: 0x29
cpu MHz		: 2399.906
cache size	: 3072 KB
physical id	: 0
siblings	: 4
core id		: 0
cpu cores	: 2
apicid		: 0
initial apicid	: 0
fpu		: yes
fpu_exception	: yes
cpuid level	: 13
wp		: yes
flags		: fpu vme de pse tsc msr pae mce cx8 apic sep mtrr pge mca cmov pat pse36 clflush dts acpi mmx fxsr sse sse2 ss ht tm pbe syscall nx rdtscp lm constant_tsc arch_perfmon pebs bts rep_good nopl xtopology nonstop_tsc aperfmperf eagerfpu pni pclmulqdq dtes64 monitor ds_cpl vmx est tm2 ssse3 cx16 xtpr pdcm pcid sse4_1 sse4_2 x2apic popcnt tsc_deadline_timer xsave avx lahf_lm epb tpr_shadow vnmi flexpriority ept vpid xsaveopt dtherm arat pln pts
bugs		:
bogomips	: 4789.04
clflush size	: 64
cache_alignment	: 64
address sizes	: 36 bits physical, 48 bits virtual
power management:

processor	: 1
vendor_id	: GenuineIntel
cpu family	: 6
model		: 42
model name	: Intel(R) Core(TM) i3-2370M CPU @ 2.40GHz
stepping	: 7
microcode	: 0x29
cpu MHz		: 2399.906
cache size	: 3072 KB
physical id	: 0
siblings	: 4
core id		: 1
cpu cores	: 2
apicid		: 2
initial apicid	: 2
fpu		: yes
fpu_exception	: yes
cpuid level	: 13
wp		: yes
flags		: fpu vme de pse tsc msr pae mce cx8 apic sep mtrr pge mca cmov pat pse36 clflush dts acpi mmx fxsr sse sse2 ss ht tm pbe syscall nx rdtscp lm constant_tsc arch_perfmon pebs bts rep_good nopl xtopology nonstop_tsc aperfmperf eagerfpu pni pclmulqdq dtes64 monitor ds_cpl vmx est tm2 ssse3 cx16 xtpr pdcm pcid sse4_1 sse4_2 x2apic popcnt tsc_deadline_timer xsave avx lahf_lm epb tpr_shadow vnmi flexpriority ept vpid xsaveopt dtherm arat pln pts
bugs		:
bogomips	: 4789.04
clflush size	: 64
cache_alignment	: 64
address sizes	: 36 bits physical, 48 bits virtual
power management:

processor	: 2
vendor_id	: GenuineIntel
cpu family	: 6
model		: 42
model name	: Intel(R) Core(TM) i3-2370M CPU @ 2.40GHz
stepping	: 7
microcode	: 0x29
cpu MHz		: 2399.906
cache size	: 3072 KB
physical id	: 0
siblings	: 4
core id		: 0
cpu cores	: 2
apicid		: 1
initial apicid	: 1
fpu		: yes
fpu_exception	: yes
cpuid level	: 13
wp		: yes
flags		: fpu vme de pse tsc msr pae mce cx8 apic sep mtrr pge mca cmov pat pse36 clflush dts acpi mmx fxsr sse sse2 ss ht tm pbe syscall nx rdtscp lm constant_tsc arch_perfmon pebs bts rep_good nopl xtopology nonstop_tsc aperfmperf eagerfpu pni pclmulqdq dtes64 monitor ds_cpl vmx est tm2 ssse3 cx16 xtpr pdcm pcid sse4_1 sse4_2 x2apic popcnt tsc_deadline_timer xsave avx lahf_lm epb tpr_shadow vnmi flexpriority ept vpid xsaveopt dtherm arat pln pts
bugs		:
bogomips	: 4789.04
clflush size	: 64
cache_alignment	: 64
address sizes	: 36 bits physical, 48 bits virtual
power management:

processor	: 3
vendor_id	: GenuineIntel
cpu family	: 6
model		: 42
model name	: Intel(R) Core(TM) i3-2370M CPU @ 2.40GHz
stepping	: 7
microcode	: 0x29
cpu MHz		: 2399.906
cache size	: 3072 KB
physical id	: 0
siblings	: 4
core id		: 1
cpu cores	: 2
apicid		: 3
initial apicid	: 3
fpu		: yes
fpu_exception	: yes
cpuid level	: 13
wp		: yes
flags		: fpu vme de pse tsc msr pae mce cx8 apic sep mtrr pge mca cmov pat pse36 clflush dts acpi mmx fxsr sse sse2 ss ht tm pbe syscall nx rdtscp lm constant_tsc arch_perfmon pebs bts rep_good nopl xtopology nonstop_tsc aperfmperf eagerfpu pni pclmulqdq dtes64 monitor ds_cpl vmx est tm2 ssse3 cx16 xtpr pdcm pcid sse4_1 sse4_2 x2apic popcnt tsc_deadline_timer xsave avx lahf_lm epb tpr_shadow vnmi flexpriority ept vpid xsaveopt dtherm arat pln pts
bugs		:
bogomips	: 4789.04
clflush size	: 64
cache_alignment	: 64
address sizes	: 36 bits physical, 48 bits virtual
power management:



Memory: 4k page, physical 6010844k(1174048k free), swap 6192124k(6192124k free)

vm_info: OpenJDK 64-Bit Server VM (25.121-b13) for linux-amd64 JRE (1.8.0_121-8u121-b13-0ubuntu1.16.04.2-b13), built on Jan 23 2017 15:51:29 by "buildd" with gcc 5.4.0 20160609

time: Mon Feb  6 16:56:59 2017
elapsed time: 451 seconds (0d 0h 7m 31s)

